<?xml version="1.0" encoding="UTF-8"?>
<testng-results ignored="0" total="1" passed="1" failed="0" skipped="0">
  <reporter-output>
  </reporter-output>
  <suite started-at="2022-12-09T10:54:37 IST" name="Default suite" finished-at="2022-12-09T10:55:02 IST" duration-ms="24518">
    <groups>
    </groups>
    <test started-at="2022-12-09T10:54:37 IST" name="Default test" finished-at="2022-12-09T10:55:02 IST" duration-ms="24518">
      <class name="login_Test.Verify_homepage_Test">
        <test-method is-config="true" signature="bsConfig()[pri:0, instance:login_Test.Verify_homepage_Test@1af2d44a]" started-at="2022-12-09T10:54:37 IST" name="bsConfig" finished-at="2022-12-09T10:54:37 IST" duration-ms="16" status="PASS">
          <reporter-output>
          </reporter-output>
        </test-method> <!-- bsConfig -->
        <test-method is-config="true" signature="bcConfig()[pri:0, instance:login_Test.Verify_homepage_Test@1af2d44a]" started-at="2022-12-09T10:54:37 IST" name="bcConfig" finished-at="2022-12-09T10:54:53 IST" duration-ms="15345" status="PASS">
          <reporter-output>
          </reporter-output>
        </test-method> <!-- bcConfig -->
        <test-method is-config="true" signature="bmConfig()[pri:0, instance:login_Test.Verify_homepage_Test@1af2d44a]" started-at="2022-12-09T10:54:53 IST" name="bmConfig" finished-at="2022-12-09T10:54:53 IST" duration-ms="324" status="PASS">
          <reporter-output>
          </reporter-output>
        </test-method> <!-- bmConfig -->
        <test-method signature="Verify_homepage_Test()[pri:0, instance:login_Test.Verify_homepage_Test@1af2d44a]" started-at="2022-12-09T10:54:53 IST" name="Verify_homepage_Test" finished-at="2022-12-09T10:54:59 IST" duration-ms="5489" status="PASS">
          <reporter-output>
          </reporter-output>
        </test-method> <!-- Verify_homepage_Test -->
        <test-method is-config="true" signature="amConfig()[pri:0, instance:login_Test.Verify_homepage_Test@1af2d44a]" started-at="2022-12-09T10:54:59 IST" name="amConfig" finished-at="2022-12-09T10:55:02 IST" duration-ms="2998" status="PASS">
          <reporter-output>
          </reporter-output>
        </test-method> <!-- amConfig -->
        <test-method is-config="true" signature="afConfig()[pri:0, instance:login_Test.Verify_homepage_Test@1af2d44a]" started-at="2022-12-09T10:55:02 IST" name="afConfig" finished-at="2022-12-09T10:55:02 IST" duration-ms="324" status="PASS">
          <reporter-output>
          </reporter-output>
        </test-method> <!-- afConfig -->
        <test-method is-config="true" signature="asConfig()[pri:0, instance:login_Test.Verify_homepage_Test@1af2d44a]" started-at="2022-12-09T10:55:02 IST" name="asConfig" finished-at="2022-12-09T10:55:02 IST" duration-ms="0" status="PASS">
          <reporter-output>
          </reporter-output>
        </test-method> <!-- asConfig -->
      </class> <!-- login_Test.Verify_homepage_Test -->
    </test> <!-- Default test -->
  </suite> <!-- Default suite -->
</testng-results>
